<?xml version="1.0" encoding="UTF-8"?>
<coverage generated="1747855530076" clover="3.2.0">
  <project timestamp="1747855530076" name="All files">
    <metrics statements="22" coveredstatements="10" conditionals="8" coveredconditionals="4" methods="5" coveredmethods="2" elements="35" coveredelements="16" complexity="0" loc="22" ncloc="22" packages="1" files="1" classes="1"/>
    <file name="PlacesList.tsx" path="/Users/jouaspiazu/Documents/js tutorials/reactjs/placesEcuadorAppReactNode/frontendPlacesToVisit/src/features/places/pages/PlaceList/PlacesList.tsx">
      <metrics statements="22" coveredstatements="10" conditionals="8" coveredconditionals="4" methods="5" coveredmethods="2"/>
      <line num="15" count="3" type="stmt"/>
      <line num="16" count="3" type="stmt"/>
      <line num="17" count="3" type="stmt"/>
      <line num="19" count="3" type="stmt"/>
      <line num="21" count="0" type="cond" truecount="0" falsecount="2"/>
      <line num="22" count="0" type="stmt"/>
      <line num="25" count="0" type="stmt"/>
      <line num="26" count="0" type="stmt"/>
      <line num="27" count="0" type="stmt"/>
      <line num="28" count="0" type="stmt"/>
      <line num="29" count="0" type="stmt"/>
      <line num="30" count="0" type="stmt"/>
      <line num="32" count="0" type="stmt"/>
      <line num="33" count="0" type="stmt"/>
      <line num="37" count="3" type="stmt"/>
      <line num="38" count="0" type="stmt"/>
      <line num="41" count="3" type="cond" truecount="2" falsecount="0"/>
      <line num="42" count="1" type="stmt"/>
      <line num="45" count="3" type="stmt"/>
      <line num="50" count="2" type="cond" truecount="1" falsecount="1"/>
      <line num="52" count="2" type="stmt"/>
      <line num="66" count="0" type="stmt"/>
    </file>
  </project>
</coverage>
