{"/Users/jouaspiazu/Documents/js tutorials/reactjs/placesEcuadorAppReactNode/frontendPlacesToVisit/src/features/places/pages/PlaceList/PlacesList.tsx": {"path":"/Users/jouaspiazu/Documents/js tutorials/reactjs/placesEcuadorAppReactNode/frontendPlacesToVisit/src/features/places/pages/PlaceList/PlacesList.tsx","statementMap":{"0":{"start":{"line":15,"column":19},"end":{"line":15,"column":47}},"1":{"start":{"line":16,"column":67},"end":{"line":16,"column":85}},"2":{"start":{"line":17,"column":21},"end":{"line":17,"column":34}},"3":{"start":{"line":19,"column":25},"end":{"line":35,"column":5}},"4":{"start":{"line":21,"column":6},"end":{"line":23,"column":7}},"5":{"start":{"line":22,"column":8},"end":{"line":22,"column":15}},"6":{"start":{"line":25,"column":6},"end":{"line":34,"column":7}},"7":{"start":{"line":26,"column":8},"end":{"line":26,"column":51}},"8":{"start":{"line":27,"column":8},"end":{"line":27,"column":29}},"9":{"start":{"line":28,"column":8},"end":{"line":28,"column":49}},"10":{"start":{"line":29,"column":8},"end":{"line":29,"column":22}},"11":{"start":{"line":30,"column":8},"end":{"line":30,"column":24}},"12":{"start":{"line":32,"column":8},"end":{"line":32,"column":61}},"13":{"start":{"line":33,"column":8},"end":{"line":33,"column":27}},"14":{"start":{"line":37,"column":29},"end":{"line":39,"column":5}},"15":{"start":{"line":38,"column":6},"end":{"line":38,"column":28}},"16":{"start":{"line":41,"column":4},"end":{"line":49,"column":5}},"17":{"start":{"line":42,"column":6},"end":{"line":48,"column":8}},"18":{"start":{"line":45,"column":12},"end":{"line":45,"column":45}},"19":{"start":{"line":50,"column":4},"end":{"line":50,"column":55}},"20":{"start":{"line":50,"column":15},"end":{"line":50,"column":55}},"21":{"start":{"line":52,"column":4},"end":{"line":71,"column":6}},"22":{"start":{"line":66,"column":41},"end":{"line":66,"column":124}}},"fnMap":{"0":{"name":"PlacesList","decl":{"start":{"line":13,"column":24},"end":{"line":13,"column":34}},"loc":{"start":{"line":13,"column":37},"end":{"line":72,"column":1}},"line":13},"1":{"name":"(anonymous_1)","decl":{"start":{"line":19,"column":25},"end":{"line":19,"column":26}},"loc":{"start":{"line":19,"column":52},"end":{"line":35,"column":5}},"line":19},"2":{"name":"(anonymous_2)","decl":{"start":{"line":37,"column":29},"end":{"line":37,"column":30}},"loc":{"start":{"line":37,"column":35},"end":{"line":39,"column":5}},"line":37},"3":{"name":"(anonymous_3)","decl":{"start":{"line":44,"column":41},"end":{"line":44,"column":42}},"loc":{"start":{"line":45,"column":12},"end":{"line":45,"column":45}},"line":45},"4":{"name":"(anonymous_4)","decl":{"start":{"line":66,"column":23},"end":{"line":66,"column":24}},"loc":{"start":{"line":66,"column":41},"end":{"line":66,"column":124}},"line":66}},"branchMap":{"0":{"loc":{"start":{"line":21,"column":6},"end":{"line":23,"column":7}},"type":"if","locations":[{"start":{"line":21,"column":6},"end":{"line":23,"column":7}},{"start":{},"end":{}}],"line":21},"1":{"loc":{"start":{"line":41,"column":4},"end":{"line":49,"column":5}},"type":"if","locations":[{"start":{"line":41,"column":4},"end":{"line":49,"column":5}},{"start":{},"end":{}}],"line":41},"2":{"loc":{"start":{"line":50,"column":4},"end":{"line":50,"column":55}},"type":"if","locations":[{"start":{"line":50,"column":4},"end":{"line":50,"column":55}},{"start":{},"end":{}}],"line":50},"3":{"loc":{"start":{"line":63,"column":11},"end":{"line":67,"column":11}},"type":"cond-expr","locations":[{"start":{"line":64,"column":12},"end":{"line":64,"column":34}},{"start":{"line":66,"column":12},"end":{"line":66,"column":125}}],"line":63}},"s":{"0":3,"1":3,"2":3,"3":3,"4":0,"5":0,"6":0,"7":0,"8":0,"9":0,"10":0,"11":0,"12":0,"13":0,"14":3,"15":0,"16":3,"17":1,"18":3,"19":2,"20":0,"21":2,"22":0},"f":{"0":3,"1":0,"2":0,"3":3,"4":0},"b":{"0":[0,0],"1":[1,2],"2":[0,2],"3":[2,0]},"_coverageSchema":"1a1c01bbd47fc00a2c39e90264f33305004495a9","hash":"ed4fd82e894baf31f7370c9817928acbbcd820a5"}
}
