TN:
SF:src/features/places/pages/PlaceList/PlacesList.tsx
FN:13,PlacesList
FN:19,(anonymous_1)
FN:37,(anonymous_2)
FN:44,(anonymous_3)
FN:66,(anonymous_4)
FNF:5
FNH:2
FNDA:3,PlacesList
FNDA:0,(anonymous_1)
FNDA:0,(anonymous_2)
FNDA:3,(anonymous_3)
FNDA:0,(anonymous_4)
DA:15,3
DA:16,3
DA:17,3
DA:19,3
DA:21,0
DA:22,0
DA:25,0
DA:26,0
DA:27,0
DA:28,0
DA:29,0
DA:30,0
DA:32,0
DA:33,0
DA:37,3
DA:38,0
DA:41,3
DA:42,1
DA:45,3
DA:50,2
DA:52,2
DA:66,0
LF:22
LH:10
BRDA:21,0,0,0
BRDA:21,0,1,0
BRDA:41,1,0,1
BRDA:41,1,1,2
BRDA:50,2,0,0
BRDA:50,2,1,2
BRDA:63,3,0,2
BRDA:63,3,1,0
BRF:8
BRH:4
end_of_record
